<?xml version="1.0" encoding="UTF-8"?>
<!-- Generated by org.testng.reporters.JUnitXMLReporter -->
<testsuite hostname="johnq-PC" ignored="0" name="Default test" tests="3" failures="0" timestamp="02 Feb 2018 03:39:58 GMT" time="14.907" errors="0">
  <testcase name="testLoginCustomer" time="5.78" classname="com.merkatodemo.NewClass"/>
  <testcase name="testNewProductLink" time="3.848" classname="com.merkatodemo.NewClass"/>
  <testcase name="testSortProductManufacturer" time="0.245" classname="com.merkatodemo.NewClass"/>
</testsuite> <!-- Default test -->
