<?xml version="1.0" encoding="UTF-8"?>
<!-- Generated by org.testng.reporters.JUnitXMLReporter -->
<testsuite hostname="johnq-PC" ignored="0" name="Default test" tests="3" failures="0" timestamp="01 Feb 2018 05:53:17 GMT" time="40.365" errors="0">
  <testcase name="testLoginCustomer" time="11.858" classname="com.catalog.test.CatalogTest"/>
  <testcase name="testNewProductLink" time="23.217" classname="com.catalog.test.CatalogTest"/>
  <testcase name="testSortProductManufacturer" time="1.815" classname="com.catalog.test.CatalogTest"/>
</testsuite> <!-- Default test -->
