<?xml version="1.0" encoding="UTF-8"?>
<testng-results skipped="0" failed="0" ignored="0" total="1" passed="1">
  <reporter-output>
  </reporter-output>
  <suite name="Default suite" duration-ms="6607" started-at="2018-02-13T23:32:08Z" finished-at="2018-02-13T23:32:15Z">
    <groups>
    </groups>
    <test name="Default test" duration-ms="6607" started-at="2018-02-13T23:32:08Z" finished-at="2018-02-13T23:32:15Z">
      <class name="testScripts.SortProductNamePageTest">
        <test-method status="PASS" signature="setUp()[pri:0, instance:testScripts.SortProductNamePageTest@1d29cf23]" name="setUp" is-config="true" duration-ms="5446" started-at="2018-02-13T15:32:08Z" finished-at="2018-02-13T15:32:14Z">
          <reporter-output>
          </reporter-output>
        </test-method> <!-- setUp -->
        <test-method status="PASS" signature="VerifySortProd_Name()[pri:0, instance:testScripts.SortProductNamePageTest@1d29cf23]" name="VerifySortProd_Name" duration-ms="537" started-at="2018-02-13T15:32:14Z" finished-at="2018-02-13T15:32:14Z">
          <reporter-output>
          </reporter-output>
        </test-method> <!-- VerifySortProd_Name -->
        <test-method status="PASS" signature="tearDown()[pri:0, instance:testScripts.SortProductNamePageTest@1d29cf23]" name="tearDown" is-config="true" duration-ms="602" started-at="2018-02-13T15:32:14Z" finished-at="2018-02-13T15:32:15Z">
          <reporter-output>
          </reporter-output>
        </test-method> <!-- tearDown -->
      </class> <!-- testScripts.SortProductNamePageTest -->
    </test> <!-- Default test -->
  </suite> <!-- Default suite -->
</testng-results>
